<?xml version="1.0" encoding="UTF-8"?>
<testng-results ignored="0" total="1" passed="1" failed="0" skipped="0">
  <reporter-output>
  </reporter-output>
  <suite started-at="2021-12-22T06:48:01Z" name="Suite" finished-at="2021-12-22T06:48:19Z" duration-ms="17427">
    <groups>
    </groups>
    <test started-at="2021-12-22T06:48:01Z" name="Test" finished-at="2021-12-22T06:48:19Z" duration-ms="17427">
      <class name="testng_demo.LoginTest">
        <test-method signature="test1()[pri:0, instance:testng_demo.LoginTest@272113c4]" started-at="2021-12-22T06:48:02Z" name="test1" finished-at="2021-12-22T06:48:19Z" duration-ms="17408" status="PASS">
          <reporter-output>
          </reporter-output>
        </test-method> <!-- test1 -->
      </class> <!-- testng_demo.LoginTest -->
    </test> <!-- Test -->
  </suite> <!-- Suite -->
</testng-results>
