<?xml version="1.0" encoding="UTF-8"?>
<testng-results ignored="0" total="1" passed="1" failed="0" skipped="0">
  <reporter-output>
  </reporter-output>
  <suite started-at="2021-11-27T04:43:37Z" name="Suite" finished-at="2021-11-27T04:43:51Z" duration-ms="13019">
    <groups>
    </groups>
    <test started-at="2021-11-27T04:43:37Z" name="Test" finished-at="2021-11-27T04:43:51Z" duration-ms="13019">
      <class name="testng_demo.LoginTest">
        <test-method signature="test1()[pri:0, instance:testng_demo.LoginTest@534a5a98]" started-at="2021-11-27T04:43:38Z" name="test1" finished-at="2021-11-27T04:43:51Z" duration-ms="13005" status="PASS">
          <reporter-output>
          </reporter-output>
        </test-method> <!-- test1 -->
      </class> <!-- testng_demo.LoginTest -->
    </test> <!-- Test -->
  </suite> <!-- Suite -->
</testng-results>
