<?xml version="1.0" encoding="UTF-8"?>
<testng-results ignored="0" total="1" passed="1" failed="0" skipped="0">
  <reporter-output>
  </reporter-output>
  <suite started-at="2021-11-28T03:50:11Z" name="Default suite" finished-at="2021-11-28T03:50:24Z" duration-ms="13227">
    <groups>
    </groups>
    <test started-at="2021-11-28T03:50:11Z" name="Default test" finished-at="2021-11-28T03:50:24Z" duration-ms="13227">
      <class name="testng_demo.LoginTest">
        <test-method signature="test1()[pri:0, instance:testng_demo.LoginTest@470734c3]" started-at="2021-11-28T03:50:11Z" name="test1" finished-at="2021-11-28T03:50:24Z" duration-ms="13199" status="PASS">
          <reporter-output>
          </reporter-output>
        </test-method> <!-- test1 -->
      </class> <!-- testng_demo.LoginTest -->
    </test> <!-- Default test -->
  </suite> <!-- Default suite -->
</testng-results>
